This is pdfTeX, Version 3.1415926-1.40.10 (MiKTeX 2.8) (preloaded format=pdflatex 2011.2.22)  28 SEP 2011 22:31
entering extended mode
**C:/Users/kaspars/Documents/Thesis/!*Equality*of*Cumulative*Votes/0main.tex
("C:/Users/kaspars/Documents/Thesis/! Equality of Cumulative Votes/0main.tex"
LaTeX2e <2009/09/24>
Babel <v3.8l> and hyphenation patterns for english, dumylang, nohyphenation, ge
rman, ngerman, german-x-2009-06-19, ngerman-x-2009-06-19, french, loaded.

LaTeX Warning: File `example.eps' already exists on the system.
               Not generating it from this source.

("C:\Program Files\MiKTeX 2.8\tex\latex\base\fix-cm.sty"
Package: fix-cm 2006/09/13 v1.1m fixes to LaTeX

("C:\Program Files\MiKTeX 2.8\tex\latex\base\ts1enc.def"
File: ts1enc.def 2001/06/05 v3.0e (jk/car/fm) Standard LaTeX file
))
("C:\Users\kaspars\Documents\Thesis\! Equality of Cumulative Votes\svjour3.cls"
Document Class: svjour3 2007/05/08 v3.2 
LaTeX document class for Springer journals
Class Springer-SVJour3 Info: extra/valid Springer sub-package (-> *.clo) 
(Springer-SVJour3)           not found in option list of \documentclass
(Springer-SVJour3)           - autoactivating "global" style.
("C:\Users\kaspars\Documents\Thesis\! Equality of Cumulative Votes\svglov3.clo"
File: svglov3.clo 2009/12/18 v3.2 style option for standardised journals
SVJour Class option: svglov3.clo for standardised journals
)
LaTeX Font Info:    Redeclaring math symbol \Gamma on input line 147.
LaTeX Font Info:    Redeclaring math symbol \Delta on input line 148.
LaTeX Font Info:    Redeclaring math symbol \Theta on input line 149.
LaTeX Font Info:    Redeclaring math symbol \Lambda on input line 150.
LaTeX Font Info:    Redeclaring math symbol \Xi on input line 151.
LaTeX Font Info:    Redeclaring math symbol \Pi on input line 152.
LaTeX Font Info:    Redeclaring math symbol \Sigma on input line 153.
LaTeX Font Info:    Redeclaring math symbol \Upsilon on input line 154.
LaTeX Font Info:    Redeclaring math symbol \Phi on input line 155.
LaTeX Font Info:    Redeclaring math symbol \Psi on input line 156.
LaTeX Font Info:    Redeclaring math symbol \Omega on input line 157.
\logodepth=\dimen102
\headerboxheight=\dimen103
\betweenumberspace=\dimen104
\aftertext=\dimen105
\headlineindent=\dimen106
\c@inst=\count79
\c@auth=\count80
\instindent=\dimen107
\authrun=\box26
\authorrunning=\toks14
\titrun=\box27
\titlerunning=\toks15
\combirun=\box28
\c@lastpage=\count81
\rubricwidth=\dimen108
\c@section=\count82
\c@subsection=\count83
\c@subsubsection=\count84
\c@paragraph=\count85
\c@subparagraph=\count86
\spthmsep=\dimen109
\c@theorem=\count87
\c@case=\count88
\c@conjecture=\count89
\c@corollary=\count90
\c@definition=\count91
\c@example=\count92
\c@exercise=\count93
\c@lemma=\count94
\c@note=\count95
\c@problem=\count96
\c@property=\count97
\c@proposition=\count98
\c@question=\count99
\c@solution=\count100
\c@remark=\count101
\c@figure=\count102
\c@table=\count103
\abovecaptionskip=\skip41
\belowcaptionskip=\skip42
\figcapgap=\dimen110
\tabcapgap=\dimen111
\figgap=\dimen112
\bibindent=\dimen113
\@tempcntc=\count104
) ("C:\Program Files\MiKTeX 2.8\tex\latex\base\fontenc.sty"
Package: fontenc 2005/09/27 v1.99g Standard LaTeX package

("C:\Program Files\MiKTeX 2.8\tex\latex\base\t1enc.def"
File: t1enc.def 2005/09/27 v1.99g Standard LaTeX file
LaTeX Font Info:    Redeclaring font encoding T1 on input line 43.
))
("C:\Program Files\MiKTeX 2.8\tex\latex\base\inputenc.sty"
Package: inputenc 2008/03/30 v1.1d Input encoding file
\inpenc@prehook=\toks16
\inpenc@posthook=\toks17

("C:\Program Files\MiKTeX 2.8\tex\latex\base\utf8.def"
File: utf8.def 2008/04/05 v1.1m UTF-8 support for inputenc
Now handling font encoding OML ...
... no UTF-8 mapping file for font encoding OML
Now handling font encoding T1 ...
... processing UTF-8 mapping file for font encoding T1

("C:\Program Files\MiKTeX 2.8\tex\latex\base\t1enc.dfu"
File: t1enc.dfu 2008/04/05 v1.1m UTF-8 support for inputenc
   defining Unicode char U+00A1 (decimal 161)
   defining Unicode char U+00A3 (decimal 163)
   defining Unicode char U+00AB (decimal 171)
   defining Unicode char U+00BB (decimal 187)
   defining Unicode char U+00BF (decimal 191)
   defining Unicode char U+00C0 (decimal 192)
   defining Unicode char U+00C1 (decimal 193)
   defining Unicode char U+00C2 (decimal 194)
   defining Unicode char U+00C3 (decimal 195)
   defining Unicode char U+00C4 (decimal 196)
   defining Unicode char U+00C5 (decimal 197)
   defining Unicode char U+00C6 (decimal 198)
   defining Unicode char U+00C7 (decimal 199)
   defining Unicode char U+00C8 (decimal 200)
   defining Unicode char U+00C9 (decimal 201)
   defining Unicode char U+00CA (decimal 202)
   defining Unicode char U+00CB (decimal 203)
   defining Unicode char U+00CC (decimal 204)
   defining Unicode char U+00CD (decimal 205)
   defining Unicode char U+00CE (decimal 206)
   defining Unicode char U+00CF (decimal 207)
   defining Unicode char U+00D0 (decimal 208)
   defining Unicode char U+00D1 (decimal 209)
   defining Unicode char U+00D2 (decimal 210)
   defining Unicode char U+00D3 (decimal 211)
   defining Unicode char U+00D4 (decimal 212)
   defining Unicode char U+00D5 (decimal 213)
   defining Unicode char U+00D6 (decimal 214)
   defining Unicode char U+00D8 (decimal 216)
   defining Unicode char U+00D9 (decimal 217)
   defining Unicode char U+00DA (decimal 218)
   defining Unicode char U+00DB (decimal 219)
   defining Unicode char U+00DC (decimal 220)
   defining Unicode char U+00DD (decimal 221)
   defining Unicode char U+00DE (decimal 222)
   defining Unicode char U+00DF (decimal 223)
   defining Unicode char U+00E0 (decimal 224)
   defining Unicode char U+00E1 (decimal 225)
   defining Unicode char U+00E2 (decimal 226)
   defining Unicode char U+00E3 (decimal 227)
   defining Unicode char U+00E4 (decimal 228)
   defining Unicode char U+00E5 (decimal 229)
   defining Unicode char U+00E6 (decimal 230)
   defining Unicode char U+00E7 (decimal 231)
   defining Unicode char U+00E8 (decimal 232)
   defining Unicode char U+00E9 (decimal 233)
   defining Unicode char U+00EA (decimal 234)
   defining Unicode char U+00EB (decimal 235)
   defining Unicode char U+00EC (decimal 236)
   defining Unicode char U+00ED (decimal 237)
   defining Unicode char U+00EE (decimal 238)
   defining Unicode char U+00EF (decimal 239)
   defining Unicode char U+00F0 (decimal 240)
   defining Unicode char U+00F1 (decimal 241)
   defining Unicode char U+00F2 (decimal 242)
   defining Unicode char U+00F3 (decimal 243)
   defining Unicode char U+00F4 (decimal 244)
   defining Unicode char U+00F5 (decimal 245)
   defining Unicode char U+00F6 (decimal 246)
   defining Unicode char U+00F8 (decimal 248)
   defining Unicode char U+00F9 (decimal 249)
   defining Unicode char U+00FA (decimal 250)
   defining Unicode char U+00FB (decimal 251)
   defining Unicode char U+00FC (decimal 252)
   defining Unicode char U+00FD (decimal 253)
   defining Unicode char U+00FE (decimal 254)
   defining Unicode char U+00FF (decimal 255)
   defining Unicode char U+0102 (decimal 258)
   defining Unicode char U+0103 (decimal 259)
   defining Unicode char U+0104 (decimal 260)
   defining Unicode char U+0105 (decimal 261)
   defining Unicode char U+0106 (decimal 262)
   defining Unicode char U+0107 (decimal 263)
   defining Unicode char U+010C (decimal 268)
   defining Unicode char U+010D (decimal 269)
   defining Unicode char U+010E (decimal 270)
   defining Unicode char U+010F (decimal 271)
   defining Unicode char U+0110 (decimal 272)
   defining Unicode char U+0111 (decimal 273)
   defining Unicode char U+0118 (decimal 280)
   defining Unicode char U+0119 (decimal 281)
   defining Unicode char U+011A (decimal 282)
   defining Unicode char U+011B (decimal 283)
   defining Unicode char U+011E (decimal 286)
   defining Unicode char U+011F (decimal 287)
   defining Unicode char U+0130 (decimal 304)
   defining Unicode char U+0131 (decimal 305)
   defining Unicode char U+0132 (decimal 306)
   defining Unicode char U+0133 (decimal 307)
   defining Unicode char U+0139 (decimal 313)
   defining Unicode char U+013A (decimal 314)
   defining Unicode char U+013D (decimal 317)
   defining Unicode char U+013E (decimal 318)
   defining Unicode char U+0141 (decimal 321)
   defining Unicode char U+0142 (decimal 322)
   defining Unicode char U+0143 (decimal 323)
   defining Unicode char U+0144 (decimal 324)
   defining Unicode char U+0147 (decimal 327)
   defining Unicode char U+0148 (decimal 328)
   defining Unicode char U+014A (decimal 330)
   defining Unicode char U+014B (decimal 331)
   defining Unicode char U+0150 (decimal 336)
   defining Unicode char U+0151 (decimal 337)
   defining Unicode char U+0152 (decimal 338)
   defining Unicode char U+0153 (decimal 339)
   defining Unicode char U+0154 (decimal 340)
   defining Unicode char U+0155 (decimal 341)
   defining Unicode char U+0158 (decimal 344)
   defining Unicode char U+0159 (decimal 345)
   defining Unicode char U+015A (decimal 346)
   defining Unicode char U+015B (decimal 347)
   defining Unicode char U+015E (decimal 350)
   defining Unicode char U+015F (decimal 351)
   defining Unicode char U+0160 (decimal 352)
   defining Unicode char U+0161 (decimal 353)
   defining Unicode char U+0162 (decimal 354)
   defining Unicode char U+0163 (decimal 355)
   defining Unicode char U+0164 (decimal 356)
   defining Unicode char U+0165 (decimal 357)
   defining Unicode char U+016E (decimal 366)
   defining Unicode char U+016F (decimal 367)
   defining Unicode char U+0170 (decimal 368)
   defining Unicode char U+0171 (decimal 369)
   defining Unicode char U+0178 (decimal 376)
   defining Unicode char U+0179 (decimal 377)
   defining Unicode char U+017A (decimal 378)
   defining Unicode char U+017B (decimal 379)
   defining Unicode char U+017C (decimal 380)
   defining Unicode char U+017D (decimal 381)
   defining Unicode char U+017E (decimal 382)
   defining Unicode char U+200C (decimal 8204)
   defining Unicode char U+2013 (decimal 8211)
   defining Unicode char U+2014 (decimal 8212)
   defining Unicode char U+2018 (decimal 8216)
   defining Unicode char U+2019 (decimal 8217)
   defining Unicode char U+201A (decimal 8218)
   defining Unicode char U+201C (decimal 8220)
   defining Unicode char U+201D (decimal 8221)
   defining Unicode char U+201E (decimal 8222)
   defining Unicode char U+2030 (decimal 8240)
   defining Unicode char U+2031 (decimal 8241)
   defining Unicode char U+2039 (decimal 8249)
   defining Unicode char U+203A (decimal 8250)
   defining Unicode char U+2423 (decimal 9251)
)
Now handling font encoding OT1 ...
... processing UTF-8 mapping file for font encoding OT1

("C:\Program Files\MiKTeX 2.8\tex\latex\base\ot1enc.dfu"
File: ot1enc.dfu 2008/04/05 v1.1m UTF-8 support for inputenc
   defining Unicode char U+00A1 (decimal 161)
   defining Unicode char U+00A3 (decimal 163)
   defining Unicode char U+00B8 (decimal 184)
   defining Unicode char U+00BF (decimal 191)
   defining Unicode char U+00C5 (decimal 197)
   defining Unicode char U+00C6 (decimal 198)
   defining Unicode char U+00D8 (decimal 216)
   defining Unicode char U+00DF (decimal 223)
   defining Unicode char U+00E6 (decimal 230)
   defining Unicode char U+00EC (decimal 236)
   defining Unicode char U+00ED (decimal 237)
   defining Unicode char U+00EE (decimal 238)
   defining Unicode char U+00EF (decimal 239)
   defining Unicode char U+00F8 (decimal 248)
   defining Unicode char U+0131 (decimal 305)
   defining Unicode char U+0141 (decimal 321)
   defining Unicode char U+0142 (decimal 322)
   defining Unicode char U+0152 (decimal 338)
   defining Unicode char U+0153 (decimal 339)
   defining Unicode char U+2013 (decimal 8211)
   defining Unicode char U+2014 (decimal 8212)
   defining Unicode char U+2018 (decimal 8216)
   defining Unicode char U+2019 (decimal 8217)
   defining Unicode char U+201C (decimal 8220)
   defining Unicode char U+201D (decimal 8221)
)
Now handling font encoding OMS ...
... processing UTF-8 mapping file for font encoding OMS

("C:\Program Files\MiKTeX 2.8\tex\latex\base\omsenc.dfu"
File: omsenc.dfu 2008/04/05 v1.1m UTF-8 support for inputenc
   defining Unicode char U+00A7 (decimal 167)
   defining Unicode char U+00B6 (decimal 182)
   defining Unicode char U+00B7 (decimal 183)
   defining Unicode char U+2020 (decimal 8224)
   defining Unicode char U+2021 (decimal 8225)
   defining Unicode char U+2022 (decimal 8226)
)
Now handling font encoding OMX ...
... no UTF-8 mapping file for font encoding OMX
Now handling font encoding U ...
... no UTF-8 mapping file for font encoding U
Now handling font encoding TS1 ...
... processing UTF-8 mapping file for font encoding TS1

("C:\Program Files\MiKTeX 2.8\tex\latex\base\ts1enc.dfu"
File: ts1enc.dfu 2008/04/05 v1.1m UTF-8 support for inputenc
   defining Unicode char U+00A2 (decimal 162)
   defining Unicode char U+00A3 (decimal 163)
   defining Unicode char U+00A4 (decimal 164)
   defining Unicode char U+00A5 (decimal 165)
   defining Unicode char U+00A6 (decimal 166)
   defining Unicode char U+00A7 (decimal 167)
   defining Unicode char U+00A8 (decimal 168)
   defining Unicode char U+00A9 (decimal 169)
   defining Unicode char U+00AA (decimal 170)
   defining Unicode char U+00AC (decimal 172)
   defining Unicode char U+00AE (decimal 174)
   defining Unicode char U+00AF (decimal 175)
   defining Unicode char U+00B0 (decimal 176)
   defining Unicode char U+00B1 (decimal 177)
   defining Unicode char U+00B2 (decimal 178)
   defining Unicode char U+00B3 (decimal 179)
   defining Unicode char U+00B4 (decimal 180)
   defining Unicode char U+00B5 (decimal 181)
   defining Unicode char U+00B6 (decimal 182)
   defining Unicode char U+00B7 (decimal 183)
   defining Unicode char U+00B9 (decimal 185)
   defining Unicode char U+00BA (decimal 186)
   defining Unicode char U+00BC (decimal 188)
   defining Unicode char U+00BD (decimal 189)
   defining Unicode char U+00BE (decimal 190)
   defining Unicode char U+00D7 (decimal 215)
   defining Unicode char U+00F7 (decimal 247)
   defining Unicode char U+0192 (decimal 402)
   defining Unicode char U+02C7 (decimal 711)
   defining Unicode char U+02D8 (decimal 728)
   defining Unicode char U+02DD (decimal 733)
   defining Unicode char U+0E3F (decimal 3647)
   defining Unicode char U+2016 (decimal 8214)
   defining Unicode char U+2020 (decimal 8224)
   defining Unicode char U+2021 (decimal 8225)
   defining Unicode char U+2022 (decimal 8226)
   defining Unicode char U+2030 (decimal 8240)
   defining Unicode char U+2031 (decimal 8241)
   defining Unicode char U+203B (decimal 8251)
   defining Unicode char U+203D (decimal 8253)
   defining Unicode char U+2044 (decimal 8260)
   defining Unicode char U+204E (decimal 8270)
   defining Unicode char U+2052 (decimal 8274)
   defining Unicode char U+20A1 (decimal 8353)
   defining Unicode char U+20A4 (decimal 8356)
   defining Unicode char U+20A6 (decimal 8358)
   defining Unicode char U+20A9 (decimal 8361)
   defining Unicode char U+20AB (decimal 8363)
   defining Unicode char U+20AC (decimal 8364)
   defining Unicode char U+20B1 (decimal 8369)
   defining Unicode char U+2103 (decimal 8451)
   defining Unicode char U+2116 (decimal 8470)
   defining Unicode char U+2117 (decimal 8471)
   defining Unicode char U+211E (decimal 8478)
   defining Unicode char U+2120 (decimal 8480)
   defining Unicode char U+2122 (decimal 8482)
   defining Unicode char U+2126 (decimal 8486)
   defining Unicode char U+2127 (decimal 8487)
   defining Unicode char U+212E (decimal 8494)
   defining Unicode char U+2190 (decimal 8592)
   defining Unicode char U+2191 (decimal 8593)
   defining Unicode char U+2192 (decimal 8594)
   defining Unicode char U+2193 (decimal 8595)
   defining Unicode char U+2329 (decimal 9001)
   defining Unicode char U+232A (decimal 9002)
   defining Unicode char U+2422 (decimal 9250)
   defining Unicode char U+25E6 (decimal 9702)
   defining Unicode char U+25EF (decimal 9711)
   defining Unicode char U+266A (decimal 9834)
)
   defining Unicode char U+00A9 (decimal 169)
   defining Unicode char U+00AA (decimal 170)
   defining Unicode char U+00AE (decimal 174)
   defining Unicode char U+00BA (decimal 186)
   defining Unicode char U+02C6 (decimal 710)
   defining Unicode char U+02DC (decimal 732)
   defining Unicode char U+200C (decimal 8204)
   defining Unicode char U+2026 (decimal 8230)
   defining Unicode char U+2122 (decimal 8482)
   defining Unicode char U+2423 (decimal 9251)
))
("C:\Program Files\MiKTeX 2.8\tex\latex\graphics\graphicx.sty"
Package: graphicx 1999/02/16 v1.0f Enhanced LaTeX Graphics (DPC,SPQR)

("C:\Program Files\MiKTeX 2.8\tex\latex\graphics\keyval.sty"
Package: keyval 1999/03/16 v1.13 key=value parser (DPC)
\KV@toks@=\toks18
)
("C:\Program Files\MiKTeX 2.8\tex\latex\graphics\graphics.sty"
Package: graphics 2009/02/05 v1.0o Standard LaTeX Graphics (DPC,SPQR)

("C:\Program Files\MiKTeX 2.8\tex\latex\graphics\trig.sty"
Package: trig 1999/03/16 v1.09 sin cos tan (DPC)
)
("C:\Program Files\MiKTeX 2.8\tex\latex\00miktex\graphics.cfg"
File: graphics.cfg 2007/01/18 v1.5 graphics configuration of teTeX/TeXLive
)
Package graphics Info: Driver file: pdftex.def on input line 91.

("C:\Program Files\MiKTeX 2.8\tex\latex\pdftex-def\pdftex.def"
File: pdftex.def 2010/02/14 v0.04n Graphics/color for pdfTeX
\Gread@gobject=\count105
))
\Gin@req@height=\dimen114
\Gin@req@width=\dimen115
)
("C:\Program Files\MiKTeX 2.8\tex\latex\tools\array.sty"
Package: array 2008/09/09 v2.4c Tabular extension package (FMi)
\col@sep=\dimen116
\extrarowheight=\dimen117
\NC@list=\toks19
\extratabsurround=\skip43
\backup@length=\skip44
)
("C:\Program Files\MiKTeX 2.8\tex\latex\tools\longtable.sty"
Package: longtable 2004/02/01 v4.11 Multi-page Table package (DPC)
\LTleft=\skip45
\LTright=\skip46
\LTpre=\skip47
\LTpost=\skip48
\LTchunksize=\count106
\LTcapwidth=\dimen118
\LT@head=\box29
\LT@firsthead=\box30
\LT@foot=\box31
\LT@lastfoot=\box32
\LT@cols=\count107
\LT@rows=\count108
\c@LT@tables=\count109
\c@LT@chunks=\count110
\LT@p@ftn=\toks20
)
("C:\Program Files\MiKTeX 2.8\tex\latex\rotating\rotating.sty"
Package: rotating 2009/03/28 v2.16a rotated objects in LaTeX

("C:\Program Files\MiKTeX 2.8\tex\latex\base\ifthen.sty"
Package: ifthen 2001/05/26 v1.1c Standard LaTeX ifthen package (DPC)
)
\c@r@tfl@t=\count111
\rotFPtop=\skip49
\rotFPbot=\skip50
\rot@float@box=\box33
\rot@mess@toks=\toks21
)
("C:\Program Files\MiKTeX 2.8\tex\latex\multirow\multirow.sty"
\bigstrutjot=\dimen119
)
("C:\Program Files\MiKTeX 2.8\tex\latex\changepage\chngpage.sty"
Package: chngpage 2009/10/20 v1.2b change page layout
\c@cp@cnt=\count112
\c@cp@tempcnt=\count113
)
("C:\Program Files\MiKTeX 2.8\tex\latex\amsfonts\amssymb.sty"
Package: amssymb 2009/06/22 v3.00

("C:\Program Files\MiKTeX 2.8\tex\latex\amsfonts\amsfonts.sty"
Package: amsfonts 2009/06/22 v3.00 Basic AMSFonts support
\@emptytoks=\toks22
\symAMSa=\mathgroup4
\symAMSb=\mathgroup5
LaTeX Font Info:    Overwriting math alphabet `\mathfrak' in version `bold'
(Font)                  U/euf/m/n --> U/euf/b/n on input line 96.
))
("C:\Program Files\MiKTeX 2.8\tex\latex\ams\math\amsmath.sty"
Package: amsmath 2000/07/18 v2.13 AMS math features
\@mathmargin=\skip51

For additional information on amsmath, use the `?' option.
("C:\Program Files\MiKTeX 2.8\tex\latex\ams\math\amstext.sty"
Package: amstext 2000/06/29 v2.01

("C:\Program Files\MiKTeX 2.8\tex\latex\ams\math\amsgen.sty"
File: amsgen.sty 1999/11/30 v2.0
\@emptytoks=\toks23
\ex@=\dimen120
))
("C:\Program Files\MiKTeX 2.8\tex\latex\ams\math\amsbsy.sty"
Package: amsbsy 1999/11/29 v1.2d
\pmbraise@=\dimen121
)
("C:\Program Files\MiKTeX 2.8\tex\latex\ams\math\amsopn.sty"
Package: amsopn 1999/12/14 v2.01 operator names
)
\inf@bad=\count114
LaTeX Info: Redefining \frac on input line 211.
\uproot@=\count115
\leftroot@=\count116
LaTeX Info: Redefining \overline on input line 307.
\classnum@=\count117
\DOTSCASE@=\count118
LaTeX Info: Redefining \ldots on input line 379.
LaTeX Info: Redefining \dots on input line 382.
LaTeX Info: Redefining \cdots on input line 467.
\Mathstrutbox@=\box34
\strutbox@=\box35
\big@size=\dimen122
LaTeX Font Info:    Redeclaring font encoding OML on input line 567.
LaTeX Font Info:    Redeclaring font encoding OMS on input line 568.


Package amsmath Warning: Unable to redefine math accent \vec.

\macc@depth=\count119
\c@MaxMatrixCols=\count120
\dotsspace@=\muskip10
\c@parentequation=\count121
\dspbrk@lvl=\count122
\tag@help=\toks24
\row@=\count123
\column@=\count124
\maxfields@=\count125
\andhelp@=\toks25
\eqnshift@=\dimen123
\alignsep@=\dimen124
\tagshift@=\dimen125
\tagwidth@=\dimen126
\totwidth@=\dimen127
\lineht@=\dimen128
\@envbody=\toks26
\multlinegap=\skip52
\multlinetaggap=\skip53
\mathdisplay@stack=\toks27
LaTeX Info: Redefining \[ on input line 2666.
LaTeX Info: Redefining \] on input line 2667.
) ("C:\Program Files\MiKTeX 2.8\tex\latex\capt-of\capt-of.sty"
Package: capt-of 2009/12/29 v0.2 standard captions outside of floats
)
("C:\Program Files\MiKTeX 2.8\tex\latex\ltxmisc\url.sty"
\Urlmuskip=\muskip11
Package: url 2006/04/12  ver 3.3  Verb mode for urls, etc.
)
("C:\Program Files\MiKTeX 2.8\tex\latex\natbib\natbib.sty"
Package: natbib 2009/11/07 8.31a (PWD, AO)
\bibhang=\skip54
\bibsep=\skip55
LaTeX Info: Redefining \cite on input line 694.
\c@NAT@ctr=\count126
)
("C:\Users\kaspars\Documents\Thesis\! Equality of Cumulative Votes\0main.aux")
LaTeX Font Info:    Checking defaults for OML/cmm/m/it on input line 95.
LaTeX Font Info:    ... okay on input line 95.
LaTeX Font Info:    Checking defaults for T1/cmr/m/n on input line 95.
LaTeX Font Info:    ... okay on input line 95.
LaTeX Font Info:    Checking defaults for OT1/cmr/m/n on input line 95.
LaTeX Font Info:    ... okay on input line 95.
LaTeX Font Info:    Checking defaults for OMS/cmsy/m/n on input line 95.
LaTeX Font Info:    ... okay on input line 95.
LaTeX Font Info:    Checking defaults for OMX/cmex/m/n on input line 95.
LaTeX Font Info:    ... okay on input line 95.
LaTeX Font Info:    Checking defaults for U/cmr/m/n on input line 95.
LaTeX Font Info:    ... okay on input line 95.
LaTeX Font Info:    Checking defaults for TS1/cmr/m/n on input line 95.
LaTeX Font Info:    ... okay on input line 95.

Unknown journal: specify \journalname{<name of your journal>} in preambel

("C:\Program Files\MiKTeX 2.8\tex\context\base\supp-pdf.tex"
[Loading MPS to PDF converter (version 2006.09.02).]
\scratchcounter=\count127
\scratchdimen=\dimen129
\scratchbox=\box36
\nofMPsegments=\count128
\nofMParguments=\count129
\everyMPshowfont=\toks28
\MPscratchCnt=\count130
\MPscratchDim=\dimen130
\MPnumerator=\count131
\everyMPtoPDFconversion=\toks29
)
SVJour3 warning: Missing \journalname
SVJour3 warning: Missing \date
LaTeX Font Info:    Try loading font information for U+msa on input line 124.
("C:\Program Files\MiKTeX 2.8\tex\latex\amsfonts\umsa.fd"
File: umsa.fd 2009/06/22 v3.00 AMS symbols A
)
LaTeX Font Info:    Try loading font information for U+msb on input line 124.

("C:\Program Files\MiKTeX 2.8\tex\latex\amsfonts\umsb.fd"
File: umsb.fd 2009/06/22 v3.00 AMS symbols B
)
("C:\Users\kaspars\Documents\Thesis\! Equality of Cumulative Votes\10abstract.t
ex")
Underfull \vbox (badness 2237) has occurred while \output is active []

 [1{C:/ProgramData/MiKTeX/2.8/pdftex/config/pdftex.map}]
("C:\Users\kaspars\Documents\Thesis\! Equality of Cumulative Votes\15introducti
on.tex")
("C:\Users\kaspars\Documents\Thesis\! Equality of Cumulative Votes\17background
.tex" [2] [3])
("C:\Users\kaspars\Documents\Thesis\! Equality of Cumulative Votes\20CV.tex"
[4]

pdfTeX warning: pdflatex (file C:/Users/kaspars/Documents/Thesis/! Equality of 
Cumulative Votes/fig/cv.pdf): PDF inclusion: found PDF version <1.5>, but at mo
st version <1.4> allowed
<fig/cv.pdf, id=19, 455.30101pt x 398.32814pt>
File: fig/cv.pdf Graphic file (type pdf)
 <use fig/cv.pdf> [5] [6 <C:/Users/kaspars/Documents/Thesis/! Equality of Cumul
ative Votes/fig/cv.pdf>]
Overfull \hbox (1.36523pt too wide) in paragraph at lines 100--107
[]\T1/cmr/m/n/10 When the num-ber of pri-or-i-ti-za-tion items is high they can
 usu-ally be grouped
 []

<fig/hcv-example1.png, id=71, 548.0475pt x 158.84344pt>
File: fig/hcv-example1.png Graphic file (type png)

<use fig/hcv-example1.png>
Underfull \vbox (badness 1715) has occurred while \output is active []

 [7 <C:/Users/kaspars/Documents/Thesis/! Equality of Cumulative Votes/fig/hcv-e
xample1.png (PNG copy)>] <"fig/hcv hierarchy".png, id=77, 519.44063pt x 161.854
69pt>
File: "fig/hcv hierarchy".png Graphic file (type png)

<use "fig/hcv hierarchy".png> [8]

pdfTeX warning: pdflatex (file C:/Users/kaspars/Documents/Thesis/! Equality of 
Cumulative Votes/fig/hcv2.pdf): PDF inclusion: found PDF version <1.5>, but at 
most version <1.4> allowed
<fig/hcv2.pdf, id=85, 483.72722pt x 284.62335pt>
File: fig/hcv2.pdf Graphic file (type pdf)
 <use fig/hcv2.pdf>
Overfull \hbox (2.4613pt too wide) in paragraph at lines 264--264
[]|\T1/cmr/m/n/8 Compensation 
 []


Overfull \hbox (4.93542pt too wide) in paragraph at lines 256--274
[][] 
 []

) ("C:\Users\kaspars\Documents\Thesis\! Equality of Cumulative Votes\25coda.tex
" [9 <C:/Users/kaspars/Documents/Thesis/! Equality of Cumulative Votes/fig/hcv 
hierarchy.png (PNG copy)> <C:/Users/kaspars/Documents/Thesis/! Equality of Cumu
lative Votes/fig/hcv2.pdf>] [10] [11])
("C:\Users\kaspars\Documents\Thesis\! Equality of Cumulative Votes\30relatedWor
k.tex")
("C:\Users\kaspars\Documents\Thesis\! Equality of Cumulative Votes\40methodolog
y.tex" [12])
("C:\Users\kaspars\Documents\Thesis\! Equality of Cumulative Votes\50slr.tex"
[13]
Underfull \hbox (badness 10000) in paragraph at lines 35--35
[]\T1/cmr/m/n/8 Paper search and
 []


Underfull \hbox (badness 10000) in paragraph at lines 35--35
\T1/cmr/m/n/8 se-lec-tion from
 []


Overfull \vbox (44.51788pt too high) detected at line 35
 []


Underfull \hbox (badness 10000) in paragraph at lines 45--45
[]\T1/cmr/m/n/8 Paper se-lec-tion
 []


Underfull \hbox (badness 1173) in paragraph at lines 45--45
\T1/cmr/m/n/8 from the ref-er-ence
 []


Overfull \vbox (48.3274pt too high) detected at line 45
 []


Overfull \hbox (4.33307pt too wide) in paragraph at lines 59--60
\T1/cmr/m/n/10 This sys-tem-atic lit-er-a-ture re-view is de-signed based on th
e guide-lines by Kitchen-
 []


Underfull \vbox (badness 10000) has occurred while \output is active []

 [14]
Overfull \hbox (1.08167pt too wide) in paragraph at lines 61--74
\T1/cmr/m/n/10 Compendex, ISI Web of Knowl-edge, and SCO-PUS only meta-data was
 searched.
 []

[15] [16] [17] [18]
Overfull \hbox (1.54266pt too wide) in paragraph at lines 229--246
[][] 
 []


Overfull \hbox (1.54266pt too wide) in paragraph at lines 251--269
[][] 
 []


Underfull \vbox (badness 5064) has occurred while \output is active []

 [19]
Overfull \hbox (1.55212pt too wide) in paragraph at lines 280--291
[][] 
 []


Overfull \hbox (1.55212pt too wide) in paragraph at lines 297--309
[][] 
 []

) ("C:\Users\kaspars\Documents\Thesis\! Equality of Cumulative Votes\60ecv.tex"
[20] [21]
Overfull \hbox (6.69727pt too wide) in paragraph at lines 67--72
[]\T1/cmr/m/n/10 Otherwise a non-parametric es-ti-ma-tion of the dis-tri-bu-tio
n func-tion is needed.
 []

<fig/p.png, id=166, 983.675pt x 620.3175pt>
File: fig/p.png Graphic file (type png)
 <use fig/p.png> [22])
("C:\Users\kaspars\Documents\Thesis\! Equality of Cumulative Votes\70results.te
x" [23 <C:/Users/kaspars/Documents/Thesis/! Equality of Cumulative Votes/fig/p.
png>]

Package pdftex.def Warning: Option `bb' does not make sense,
(pdftex.def)                using `viewport' instead on input line 42.



pdfTeX warning: pdflatex (file C:/Users/kaspars/Documents/Thesis/! Equality of 
Cumulative Votes/fig/qeResults.pdf): PDF inclusion: found PDF version <1.5>, bu
t at most version <1.4> allowed
<fig/qeResults.pdf, id=176, 597.23125pt x 845.1575pt>
File: fig/qeResults.pdf Graphic file (type pdf)
 <use fig/qeResults.pdf>
Overfull \hbox (38.40533pt too wide) in paragraph at lines 42--43
[][] 
 []


Package pdftex.def Warning: Option `bb' does not make sense,
(pdftex.def)                using `viewport' instead on input line 51.

<fig/bubble.pdf, id=178, 1302.8675pt x 728.7225pt>
File: fig/bubble.pdf Graphic file (type pdf)
 <use fig/bubble.pdf>
Overfull \hbox (3.20906pt too wide) in paragraph at lines 53--64
[][] 
 []

[24]
Overfull \hbox (2.6073pt too wide) in paragraph at lines 119--119
[]|\T1/cmr/m/n/8 165|  
 []


Overfull \hbox (2.6073pt too wide) in paragraph at lines 119--119
[]|\T1/cmr/m/n/8 180|  
 []


Overfull \hbox (1.55728pt too wide) in paragraph at lines 131--157
[][] 
 []

)
("C:\Users\kaspars\Documents\Thesis\! Equality of Cumulative Votes\76resultsMet
hods.tex" [25 <C:/Users/kaspars/Documents/Thesis/! Equality of Cumulative Votes
/fig/qeResults.pdf>] [26 <C:/Users/kaspars/Documents/Thesis/! Equality of Cumul
ative Votes/fig/bubble.pdf>] [27]
Overfull \hbox (1.5375pt too wide) in paragraph at lines 47--99
[][] 
 []

)
("C:\Users\kaspars\Documents\Thesis\! Equality of Cumulative Votes\75resultsECV
.tex"
Overfull \hbox (6.71027pt too wide) in paragraph at lines 38--38
 []|\T1/cmr/m/n/8 uncompensated 
 []

[28] [29])
("C:\Users\kaspars\Documents\Thesis\! Equality of Cumulative Votes\85discussion
.tex" [30] [31] [32] [33]) [34]
("C:\Users\kaspars\Documents\Thesis\! Equality of Cumulative Votes\a0primaryStu
dies.tex"
Overfull \hbox (5.13176pt too wide) in paragraph at lines 118--119
[][] 
 []


LaTeX Warning: `!h' float specifier changed to `!ht'.

) [35

] [36]
("C:\Users\kaspars\Documents\Thesis\! Equality of Cumulative Votes\a1analysisMe
thods.tex"
Overfull \hbox (3.6868pt too wide) in paragraph at lines 111--111
[]|[]|  
 []


Overfull \hbox (3.6868pt too wide) in paragraph at lines 111--111
[]|[]|  
 []


Overfull \hbox (2.13162pt too wide) in paragraph at lines 111--111
[]|[]|  
 []


Overfull \hbox (2.13162pt too wide) in paragraph at lines 111--111
[]|[]|  
 []


Overfull \hbox (2.13162pt too wide) in paragraph at lines 111--111
[]|[]|  
 []


Overfull \hbox (2.13162pt too wide) in paragraph at lines 111--111
[]|[]|  
 []


Overfull \hbox (2.13162pt too wide) in paragraph at lines 111--111
[]|[]|  
 []


Overfull \hbox (2.13162pt too wide) in paragraph at lines 111--111
[]|[]|  
 []


Overfull \hbox (2.13162pt too wide) in paragraph at lines 111--111
[]|[]|  
 []


Overfull \hbox (3.6868pt too wide) in paragraph at lines 111--111
[]|[]|  
 []


Overfull \hbox (2.13162pt too wide) in paragraph at lines 111--111
[]|[]|  
 []


Overfull \hbox (2.13162pt too wide) in paragraph at lines 111--111
[]|[]|  
 []


Overfull \hbox (2.13162pt too wide) in paragraph at lines 111--111
[]|[]|  
 []


Overfull \hbox (2.13162pt too wide) in paragraph at lines 111--111
[]|[]|  
 []


Overfull \hbox (3.6868pt too wide) in paragraph at lines 111--111
[]|[]|  
 []


Overfull \hbox (3.6868pt too wide) in paragraph at lines 111--111
[]|[]|  
 []


Overfull \hbox (3.6868pt too wide) in paragraph at lines 111--111
[]|[]|  
 []


Overfull \hbox (3.6868pt too wide) in paragraph at lines 111--111
[]|[]|  
 []


Overfull \hbox (2.13162pt too wide) in paragraph at lines 111--111
[]|[]|  
 []


Overfull \hbox (3.6868pt too wide) in paragraph at lines 111--111
[]|[]|  
 []


Overfull \hbox (3.6868pt too wide) in paragraph at lines 111--111
[]|[]|  
 []


Overfull \hbox (3.6868pt too wide) in paragraph at lines 111--111
[]|[]|  
 []


Overfull \hbox (1.10687pt too wide) in paragraph at lines 111--111
[]|\T1/cmr/m/n/8 x|  
 []


Overfull \hbox (1.10687pt too wide) in paragraph at lines 111--111
[]|\T1/cmr/m/n/8 x|  
 []


Overfull \hbox (1.10687pt too wide) in paragraph at lines 111--111
[]|\T1/cmr/m/n/8 x|  
 []


Overfull \hbox (1.10687pt too wide) in paragraph at lines 111--111
[]|\T1/cmr/m/n/8 x|  
 []


Overfull \hbox (1.10687pt too wide) in paragraph at lines 111--111
[]|\T1/cmr/m/n/8 x|  
 []


Overfull \hbox (1.10687pt too wide) in paragraph at lines 111--111
[]|\T1/cmr/m/n/8 x|  
 []


Overfull \hbox (1.10687pt too wide) in paragraph at lines 111--111
[]|\T1/cmr/m/n/8 x|  
 []


Overfull \hbox (1.10687pt too wide) in paragraph at lines 111--111
[]|\T1/cmr/m/n/8 x|  
 []


Overfull \hbox (1.10687pt too wide) in paragraph at lines 111--111
[]|\T1/cmr/m/n/8 x|  
 []


Overfull \hbox (1.10687pt too wide) in paragraph at lines 111--111
[]|\T1/cmr/m/n/8 x|  
 []


Overfull \hbox (1.10687pt too wide) in paragraph at lines 111--111
[]|\T1/cmr/m/n/8 x|  
 []


Overfull \hbox (1.10687pt too wide) in paragraph at lines 111--111
[]|\T1/cmr/m/n/8 x|  
 []


Overfull \hbox (1.10687pt too wide) in paragraph at lines 111--111
[]|\T1/cmr/m/n/8 x|  
 []


Overfull \hbox (1.10687pt too wide) in paragraph at lines 111--111
[]|\T1/cmr/m/n/8 x|  
 []


Overfull \hbox (1.10687pt too wide) in paragraph at lines 111--111
[]|\T1/cmr/m/n/8 x|  
 []


Overfull \hbox (1.10687pt too wide) in paragraph at lines 111--111
[]|\T1/cmr/m/n/8 x|  
 []


Overfull \hbox (1.10687pt too wide) in paragraph at lines 111--111
[]|\T1/cmr/m/n/8 x|  
 []


Overfull \hbox (1.10687pt too wide) in paragraph at lines 111--111
[]|\T1/cmr/m/n/8 x|  
 []


Overfull \hbox (1.10687pt too wide) in paragraph at lines 111--111
[]|\T1/cmr/m/n/8 x|  
 []


Overfull \hbox (1.10687pt too wide) in paragraph at lines 111--111
[]|\T1/cmr/m/n/8 x|  
 []


Overfull \hbox (1.10687pt too wide) in paragraph at lines 111--111
[]|\T1/cmr/m/n/8 x|  
 []


Overfull \hbox (1.10687pt too wide) in paragraph at lines 111--111
[]|\T1/cmr/m/n/8 x|  
 []


Overfull \hbox (1.10687pt too wide) in paragraph at lines 111--111
[]|\T1/cmr/m/n/8 x|  
 []


Overfull \hbox (1.10687pt too wide) in paragraph at lines 111--111
[]|\T1/cmr/m/n/8 x|  
 []


Overfull \hbox (1.10687pt too wide) in paragraph at lines 111--111
[]|\T1/cmr/m/n/8 x|  
 []


Overfull \hbox (1.10687pt too wide) in paragraph at lines 111--111
[]|\T1/cmr/m/n/8 x|  
 []


Overfull \hbox (1.10687pt too wide) in paragraph at lines 111--111
[]|\T1/cmr/m/n/8 x|  
 []


Overfull \hbox (1.10687pt too wide) in paragraph at lines 111--111
[]|\T1/cmr/m/n/8 x|  
 []


Overfull \hbox (1.10687pt too wide) in paragraph at lines 111--111
[]|\T1/cmr/m/n/8 x|  
 []


Overfull \hbox (1.10687pt too wide) in paragraph at lines 111--111
[]|\T1/cmr/m/n/8 x|  
 []


Overfull \hbox (1.10687pt too wide) in paragraph at lines 111--111
[]|\T1/cmr/m/n/8 x|  
 []


Overfull \hbox (1.10687pt too wide) in paragraph at lines 111--111
[]|\T1/cmr/m/n/8 x|  
 []


Overfull \hbox (1.10687pt too wide) in paragraph at lines 111--111
[]|\T1/cmr/m/n/8 x|  
 []


Overfull \hbox (1.10687pt too wide) in paragraph at lines 111--111
[]|\T1/cmr/m/n/8 x|  
 []


Overfull \hbox (1.10687pt too wide) in paragraph at lines 111--111
[]|\T1/cmr/m/n/8 x|  
 []


Overfull \hbox (1.10687pt too wide) in paragraph at lines 111--111
[]|\T1/cmr/m/n/8 x|  
 []


Overfull \hbox (1.10687pt too wide) in paragraph at lines 111--111
[]|\T1/cmr/m/n/8 x|  
 []


Overfull \hbox (1.10687pt too wide) in paragraph at lines 111--111
[]|\T1/cmr/m/n/8 x|  
 []


Overfull \hbox (1.10687pt too wide) in paragraph at lines 111--111
[]|\T1/cmr/m/n/8 x|  
 []


Overfull \hbox (1.10687pt too wide) in paragraph at lines 111--111
[]|\T1/cmr/m/n/8 x|  
 []


Overfull \hbox (1.10687pt too wide) in paragraph at lines 111--111
[]|\T1/cmr/m/n/8 x|  
 []


Overfull \hbox (1.10687pt too wide) in paragraph at lines 111--111
[]|\T1/cmr/m/n/8 x|  
 []


Overfull \hbox (1.10687pt too wide) in paragraph at lines 111--111
[]|\T1/cmr/m/n/8 x|  
 []


Overfull \hbox (1.10687pt too wide) in paragraph at lines 111--111
[]|\T1/cmr/m/n/8 x|  
 []


Overfull \hbox (1.10687pt too wide) in paragraph at lines 111--111
[]|\T1/cmr/m/n/8 x|  
 []


Overfull \hbox (1.10687pt too wide) in paragraph at lines 111--111
[]|\T1/cmr/m/n/8 x|  
 []


Overfull \hbox (2.89728pt too wide) in paragraph at lines 111--112
[][] 
 []

) [37

]
("C:\Users\kaspars\Documents\Thesis\! Equality of Cumulative Votes\a2biplot.tex
" <fig/biplot1.jpg, id=248, 485.815pt x 486.81876pt>
File: fig/biplot1.jpg Graphic file (type jpg)
 <use fig/biplot1.jpg>
<fig/biplot2.jpg, id=249, 479.7925pt x 486.81876pt>
File: fig/biplot2.jpg Graphic file (type jpg)
 <use fig/biplot2.jpg>
<fig/biplot3.jpg, id=250, 479.7925pt x 486.81876pt>
File: fig/biplot3.jpg Graphic file (type jpg)
 <use fig/biplot3.jpg>
[38

] [39 <C:/Users/kaspars/Documents/Thesis/! Equality of Cumulative Votes/fig/bip
lot1.jpg> <C:/Users/kaspars/Documents/Thesis/! Equality of Cumulative Votes/fig
/biplot2.jpg>]) [40 <C:/Users/kaspars/Documents/Thesis/! Equality of Cumulative
 Votes/fig/biplot3.jpg>] [41]
("C:\Users\kaspars\Documents\Thesis\! Equality of Cumulative Votes\a3dataExtrac
tionForm.tex"
Overfull \hbox (2.83502pt too wide) in paragraph at lines 68--68
[]|\T1/cmr/m/n/8 No.|  
 []


Overfull \hbox (1.37546pt too wide) in paragraph at lines 68--68
 []|\T1/cmr/m/n/8 Narrative| 
 []


Overfull \hbox (1.37546pt too wide) in paragraph at lines 68--68
 []|\T1/cmr/m/n/8 Narrative| 
 []


Overfull \hbox (1.37546pt too wide) in paragraph at lines 68--68
 []|\T1/cmr/m/n/8 Narrative| 
 []


Overfull \hbox (0.71887pt too wide) in paragraph at lines 68--68
[]|\T1/cmr/m/n/8 10.|  
 []


Overfull \hbox (1.37546pt too wide) in paragraph at lines 68--68
 []|\T1/cmr/m/n/8 Narrative| 
 []


Overfull \hbox (0.71887pt too wide) in paragraph at lines 68--68
[]|\T1/cmr/m/n/8 11.|  
 []


Overfull \hbox (0.71887pt too wide) in paragraph at lines 68--68
[]|\T1/cmr/m/n/8 12.|  
 []


Overfull \hbox (0.71887pt too wide) in paragraph at lines 68--68
[]|\T1/cmr/m/n/8 13.|  
 []


Overfull \hbox (1.37546pt too wide) in paragraph at lines 68--68
 []|\T1/cmr/m/n/8 Narrative| 
 []


Overfull \hbox (0.71887pt too wide) in paragraph at lines 68--68
[]|\T1/cmr/m/n/8 14.|  
 []


Overfull \hbox (1.37546pt too wide) in paragraph at lines 68--68
 []|\T1/cmr/m/n/8 Narrative| 
 []


Overfull \hbox (0.71887pt too wide) in paragraph at lines 68--68
[]|\T1/cmr/m/n/8 15.|  
 []


Overfull \hbox (0.71887pt too wide) in paragraph at lines 68--68
[]|\T1/cmr/m/n/8 16.|  
 []


Overfull \hbox (0.71887pt too wide) in paragraph at lines 68--68
[]|\T1/cmr/m/n/8 17.|  
 []


Overfull \hbox (2.40662pt too wide) in paragraph at lines 68--69
[][] 
 []

) [42

]
("C:\Users\kaspars\Documents\Thesis\! Equality of Cumulative Votes\a4qualityAss
essment.tex"
Overfull \hbox (1.47305pt too wide) in paragraph at lines 128--128
[]|\T1/cmr/m/n/8 Rating|  
 []


Overfull \hbox (3.95023pt too wide) in paragraph at lines 128--128
[]|\T1/cmr/m/n/8 11.1.|  
 []


Overfull \hbox (3.95023pt too wide) in paragraph at lines 128--128
[]|\T1/cmr/m/n/8 11.2.|  
 []


Overfull \hbox (3.95023pt too wide) in paragraph at lines 128--128
[]|\T1/cmr/m/n/8 11.3.|  
 []


Overfull \hbox (3.95023pt too wide) in paragraph at lines 128--128
[]|\T1/cmr/m/n/8 11.4.|  
 []


Overfull \hbox (3.95023pt too wide) in paragraph at lines 128--128
[]|\T1/cmr/m/n/8 11.5.|  
 []


Overfull \hbox (3.95023pt too wide) in paragraph at lines 128--128
[]|\T1/cmr/m/n/8 11.6.|  
 []


Overfull \hbox (3.95023pt too wide) in paragraph at lines 128--128
[]|\T1/cmr/m/n/8 12.1.|  
 []

) [43

]
("C:\Users\kaspars\Documents\Thesis\! Equality of Cumulative Votes\dataExtract.
tex"
Overfull \hbox (2.83502pt too wide) in paragraph at lines 72--72
[]|\T1/cmr/m/n/8 No.|  
 []


Overfull \hbox (0.71887pt too wide) in paragraph at lines 72--72
[]|\T1/cmr/m/n/8 10.|  
 []


Overfull \hbox (0.71887pt too wide) in paragraph at lines 72--72
[]|\T1/cmr/m/n/8 11.|  
 []


Overfull \hbox (0.71887pt too wide) in paragraph at lines 72--72
[]|\T1/cmr/m/n/8 12.|  
 []


Overfull \hbox (0.71887pt too wide) in paragraph at lines 72--72
[]|\T1/cmr/m/n/8 13.|  
 []


Overfull \hbox (0.71887pt too wide) in paragraph at lines 72--72
[]|\T1/cmr/m/n/8 14.|  
 []


Overfull \hbox (0.71887pt too wide) in paragraph at lines 72--72
[]|\T1/cmr/m/n/8 15.|  
 []


Overfull \hbox (0.71887pt too wide) in paragraph at lines 72--72
[]|\T1/cmr/m/n/8 16.|  
 []


Overfull \hbox (0.71887pt too wide) in paragraph at lines 72--72
[]|\T1/cmr/m/n/8 17.|  
 []

)
("C:\Users\kaspars\Documents\Thesis\! Equality of Cumulative Votes\dataExtract2
.tex"
Overfull \hbox (2.83502pt too wide) in paragraph at lines 78--78
[]|\T1/cmr/m/n/8 No.|  
 []


Overfull \hbox (0.71887pt too wide) in paragraph at lines 78--78
[]|\T1/cmr/m/n/8 10.|  
 []


Overfull \hbox (0.71887pt too wide) in paragraph at lines 78--78
[]|\T1/cmr/m/n/8 11.|  
 []


Overfull \hbox (0.71887pt too wide) in paragraph at lines 78--78
[]|\T1/cmr/m/n/8 12.|  
 []


Overfull \hbox (0.71887pt too wide) in paragraph at lines 78--78
[]|\T1/cmr/m/n/8 13.|  
 []


Overfull \hbox (0.71887pt too wide) in paragraph at lines 78--78
[]|\T1/cmr/m/n/8 14.|  
 []


Overfull \hbox (0.71887pt too wide) in paragraph at lines 78--78
[]|\T1/cmr/m/n/8 15.|  
 []


Overfull \hbox (0.71887pt too wide) in paragraph at lines 78--78
[]|\T1/cmr/m/n/8 16.|  
 []


Overfull \hbox (0.71887pt too wide) in paragraph at lines 78--78
[]|\T1/cmr/m/n/8 17.|  
 []


LaTeX Warning: `h' float specifier changed to `ht'.

)
("C:\Users\kaspars\Documents\Thesis\! Equality of Cumulative Votes\dataExtract3
.tex"
Overfull \hbox (2.83502pt too wide) in paragraph at lines 63--63
[]|\T1/cmr/m/n/8 No.|  
 []


Overfull \hbox (0.71887pt too wide) in paragraph at lines 63--63
[]|\T1/cmr/m/n/8 10.|  
 []


Overfull \hbox (0.71887pt too wide) in paragraph at lines 63--63
[]|\T1/cmr/m/n/8 11.|  
 []


Overfull \hbox (0.71887pt too wide) in paragraph at lines 63--63
[]|\T1/cmr/m/n/8 12.|  
 []


Overfull \hbox (0.71887pt too wide) in paragraph at lines 63--63
[]|\T1/cmr/m/n/8 13.|  
 []


Overfull \hbox (0.71887pt too wide) in paragraph at lines 63--63
[]|\T1/cmr/m/n/8 14.|  
 []


Overfull \hbox (0.71887pt too wide) in paragraph at lines 63--63
[]|\T1/cmr/m/n/8 15.|  
 []


Overfull \hbox (0.71887pt too wide) in paragraph at lines 63--63
[]|\T1/cmr/m/n/8 16.|  
 []


Overfull \hbox (0.71887pt too wide) in paragraph at lines 63--63
[]|\T1/cmr/m/n/8 17.|  
 []

)
("C:\Users\kaspars\Documents\Thesis\! Equality of Cumulative Votes\dataExtract4
.tex"
Overfull \hbox (2.83502pt too wide) in paragraph at lines 59--59
[]|\T1/cmr/m/n/8 No.|  
 []


Overfull \hbox (0.71887pt too wide) in paragraph at lines 59--59
[]|\T1/cmr/m/n/8 10.|  
 []


Overfull \hbox (0.71887pt too wide) in paragraph at lines 59--59
[]|\T1/cmr/m/n/8 11.|  
 []


Overfull \hbox (0.71887pt too wide) in paragraph at lines 59--59
[]|\T1/cmr/m/n/8 12.|  
 []


Overfull \hbox (0.71887pt too wide) in paragraph at lines 59--59
[]|\T1/cmr/m/n/8 13.|  
 []


Overfull \hbox (0.71887pt too wide) in paragraph at lines 59--59
[]|\T1/cmr/m/n/8 14.|  
 []


Overfull \hbox (0.71887pt too wide) in paragraph at lines 59--59
[]|\T1/cmr/m/n/8 15.|  
 []


Overfull \hbox (0.71887pt too wide) in paragraph at lines 59--59
[]|\T1/cmr/m/n/8 16.|  
 []


Overfull \hbox (0.71887pt too wide) in paragraph at lines 59--59
[]|\T1/cmr/m/n/8 17.|  
 []

)
("C:\Users\kaspars\Documents\Thesis\! Equality of Cumulative Votes\dataExtract5
.tex"
Overfull \hbox (2.83502pt too wide) in paragraph at lines 60--60
[]|\T1/cmr/m/n/8 No.|  
 []


Overfull \hbox (0.71887pt too wide) in paragraph at lines 60--60
[]|\T1/cmr/m/n/8 10.|  
 []


Overfull \hbox (0.71887pt too wide) in paragraph at lines 60--60
[]|\T1/cmr/m/n/8 11.|  
 []


Overfull \hbox (0.71887pt too wide) in paragraph at lines 60--60
[]|\T1/cmr/m/n/8 12.|  
 []


Overfull \hbox (0.71887pt too wide) in paragraph at lines 60--60
[]|\T1/cmr/m/n/8 13.|  
 []


Overfull \hbox (0.71887pt too wide) in paragraph at lines 60--60
[]|\T1/cmr/m/n/8 14.|  
 []


Overfull \hbox (0.71887pt too wide) in paragraph at lines 60--60
[]|\T1/cmr/m/n/8 15.|  
 []


Overfull \hbox (0.71887pt too wide) in paragraph at lines 60--60
[]|\T1/cmr/m/n/8 16.|  
 []


Overfull \hbox (0.71887pt too wide) in paragraph at lines 60--60
[]|\T1/cmr/m/n/8 17.|  
 []

) [44

] [45] [46] [47] [48]
("C:\Users\kaspars\Documents\Thesis\! Equality of Cumulative Votes\dataExtract6
.tex"
Overfull \hbox (2.83502pt too wide) in paragraph at lines 74--74
[]|\T1/cmr/m/n/8 No.|  
 []


Overfull \hbox (0.71887pt too wide) in paragraph at lines 74--74
[]|\T1/cmr/m/n/8 10.|  
 []


Overfull \hbox (0.71887pt too wide) in paragraph at lines 74--74
[]|\T1/cmr/m/n/8 11.|  
 []


Overfull \hbox (0.71887pt too wide) in paragraph at lines 74--74
[]|\T1/cmr/m/n/8 12.|  
 []


Overfull \hbox (0.71887pt too wide) in paragraph at lines 74--74
[]|\T1/cmr/m/n/8 13.|  
 []


Overfull \hbox (0.71887pt too wide) in paragraph at lines 74--74
[]|\T1/cmr/m/n/8 14.|  
 []


Overfull \hbox (0.71887pt too wide) in paragraph at lines 74--74
[]|\T1/cmr/m/n/8 15.|  
 []


Overfull \hbox (0.71887pt too wide) in paragraph at lines 74--74
[]|\T1/cmr/m/n/8 16.|  
 []


Overfull \hbox (0.71887pt too wide) in paragraph at lines 74--74
[]|\T1/cmr/m/n/8 17.|  
 []

) [49]
("C:\Users\kaspars\Documents\Thesis\! Equality of Cumulative Votes\dataExtract7
.tex"
Overfull \hbox (2.83502pt too wide) in paragraph at lines 71--71
[]|\T1/cmr/m/n/8 No.|  
 []


Overfull \hbox (0.71887pt too wide) in paragraph at lines 71--71
[]|\T1/cmr/m/n/8 10.|  
 []


Overfull \hbox (0.71887pt too wide) in paragraph at lines 71--71
[]|\T1/cmr/m/n/8 11.|  
 []


Overfull \hbox (0.71887pt too wide) in paragraph at lines 71--71
[]|\T1/cmr/m/n/8 12.|  
 []


Overfull \hbox (0.71887pt too wide) in paragraph at lines 71--71
[]|\T1/cmr/m/n/8 13.|  
 []


Overfull \hbox (0.71887pt too wide) in paragraph at lines 71--71
[]|\T1/cmr/m/n/8 14.|  
 []


Overfull \hbox (0.71887pt too wide) in paragraph at lines 71--71
[]|\T1/cmr/m/n/8 15.|  
 []


Overfull \hbox (0.71887pt too wide) in paragraph at lines 71--71
[]|\T1/cmr/m/n/8 16.|  
 []


Overfull \hbox (0.71887pt too wide) in paragraph at lines 71--71
[]|\T1/cmr/m/n/8 17.|  
 []

) [50]
("C:\Users\kaspars\Documents\Thesis\! Equality of Cumulative Votes\dataExtract8
.tex"
Overfull \hbox (2.83502pt too wide) in paragraph at lines 60--60
[]|\T1/cmr/m/n/8 No.|  
 []


Overfull \hbox (0.71887pt too wide) in paragraph at lines 60--60
[]|\T1/cmr/m/n/8 10.|  
 []


Overfull \hbox (0.71887pt too wide) in paragraph at lines 60--60
[]|\T1/cmr/m/n/8 11.|  
 []


Overfull \hbox (0.71887pt too wide) in paragraph at lines 60--60
[]|\T1/cmr/m/n/8 12.|  
 []


Overfull \hbox (0.71887pt too wide) in paragraph at lines 60--60
[]|\T1/cmr/m/n/8 13.|  
 []


Overfull \hbox (0.71887pt too wide) in paragraph at lines 60--60
[]|\T1/cmr/m/n/8 14.|  
 []


Overfull \hbox (0.71887pt too wide) in paragraph at lines 60--60
[]|\T1/cmr/m/n/8 15.|  
 []


Overfull \hbox (0.71887pt too wide) in paragraph at lines 60--60
[]|\T1/cmr/m/n/8 16.|  
 []


Overfull \hbox (0.71887pt too wide) in paragraph at lines 60--60
[]|\T1/cmr/m/n/8 17.|  
 []

) [51



]
("C:\Users\kaspars\Documents\Thesis\! Equality of Cumulative Votes\dataExtract9
.tex"
Overfull \hbox (2.83502pt too wide) in paragraph at lines 75--75
[]|\T1/cmr/m/n/8 No.|  
 []


Overfull \hbox (0.71887pt too wide) in paragraph at lines 75--75
[]|\T1/cmr/m/n/8 10.|  
 []


Overfull \hbox (0.71887pt too wide) in paragraph at lines 75--75
[]|\T1/cmr/m/n/8 11.|  
 []


Overfull \hbox (0.71887pt too wide) in paragraph at lines 75--75
[]|\T1/cmr/m/n/8 12.|  
 []


Overfull \hbox (0.71887pt too wide) in paragraph at lines 75--75
[]|\T1/cmr/m/n/8 13.|  
 []


Overfull \hbox (0.71887pt too wide) in paragraph at lines 75--75
[]|\T1/cmr/m/n/8 14.|  
 []


Overfull \hbox (0.71887pt too wide) in paragraph at lines 75--75
[]|\T1/cmr/m/n/8 15.|  
 []


Overfull \hbox (0.71887pt too wide) in paragraph at lines 75--75
[]|\T1/cmr/m/n/8 16.|  
 []


Overfull \hbox (0.71887pt too wide) in paragraph at lines 75--75
[]|\T1/cmr/m/n/8 17.|  
 []

) [52]
("C:\Users\kaspars\Documents\Thesis\! Equality of Cumulative Votes\dataExtract1
0.tex"
Overfull \hbox (2.83502pt too wide) in paragraph at lines 64--64
[]|\T1/cmr/m/n/8 No.|  
 []


Overfull \hbox (0.71887pt too wide) in paragraph at lines 64--64
[]|\T1/cmr/m/n/8 10.|  
 []


Overfull \hbox (0.71887pt too wide) in paragraph at lines 64--64
[]|\T1/cmr/m/n/8 11.|  
 []


Overfull \hbox (0.71887pt too wide) in paragraph at lines 64--64
[]|\T1/cmr/m/n/8 12.|  
 []


Overfull \hbox (0.71887pt too wide) in paragraph at lines 64--64
[]|\T1/cmr/m/n/8 13.|  
 []


Overfull \hbox (0.71887pt too wide) in paragraph at lines 64--64
[]|\T1/cmr/m/n/8 14.|  
 []


Overfull \hbox (0.71887pt too wide) in paragraph at lines 64--64
[]|\T1/cmr/m/n/8 15.|  
 []


Overfull \hbox (0.71887pt too wide) in paragraph at lines 64--64
[]|\T1/cmr/m/n/8 16.|  
 []


Overfull \hbox (0.71887pt too wide) in paragraph at lines 64--64
[]|\T1/cmr/m/n/8 17.|  
 []

) [53]
("C:\Users\kaspars\Documents\Thesis\! Equality of Cumulative Votes\dataExtract1
1.tex"
Overfull \hbox (2.83502pt too wide) in paragraph at lines 41--41
[]|\T1/cmr/m/n/8 No.|  
 []


Overfull \hbox (0.71887pt too wide) in paragraph at lines 41--41
[]|\T1/cmr/m/n/8 10.|  
 []


Overfull \hbox (0.71887pt too wide) in paragraph at lines 41--41
[]|\T1/cmr/m/n/8 11.|  
 []


Overfull \hbox (0.71887pt too wide) in paragraph at lines 41--41
[]|\T1/cmr/m/n/8 12.|  
 []


Overfull \hbox (0.71887pt too wide) in paragraph at lines 41--41
[]|\T1/cmr/m/n/8 13.|  
 []


Overfull \hbox (0.71887pt too wide) in paragraph at lines 41--41
[]|\T1/cmr/m/n/8 14.|  
 []


Overfull \hbox (0.71887pt too wide) in paragraph at lines 41--41
[]|\T1/cmr/m/n/8 15.|  
 []


Overfull \hbox (0.71887pt too wide) in paragraph at lines 41--41
[]|\T1/cmr/m/n/8 16.|  
 []


Overfull \hbox (0.71887pt too wide) in paragraph at lines 41--41
[]|\T1/cmr/m/n/8 17.|  
 []

) [54



] ("C:\Users\kaspars\Documents\Thesis\! Equality of Cumulative Votes\qa.tex"
Overfull \hbox (1.73648pt too wide) in paragraph at lines 63--63
[]|\T1/cmr/m/n/8 41|  
 []


Overfull \hbox (1.73648pt too wide) in paragraph at lines 63--63
[]|\T1/cmr/m/n/8 34|  
 []


Overfull \hbox (1.73648pt too wide) in paragraph at lines 63--63
[]|\T1/cmr/m/n/8 29|  
 []

) [55

]
("C:\Users\kaspars\Documents\Thesis\! Equality of Cumulative Votes\qa2.tex"
Overfull \hbox (0.89641pt too wide) in paragraph at lines 59--59
[]|\T1/cmr/m/n/8 Interview 
 []


Overfull \hbox (1.73648pt too wide) in paragraph at lines 59--59
[]|\T1/cmr/m/n/8 21|  
 []


Overfull \hbox (1.73648pt too wide) in paragraph at lines 59--59
[]|\T1/cmr/m/n/8 21|  
 []


Overfull \hbox (1.73648pt too wide) in paragraph at lines 59--59
[]|\T1/cmr/m/n/8 36|  
 []


Overfull \hbox (1.73648pt too wide) in paragraph at lines 59--59
[]|\T1/cmr/m/n/8 22|  
 []


Overfull \hbox (1.73648pt too wide) in paragraph at lines 59--59
[]|\T1/cmr/m/n/8 29|  
 []

) [56]
("C:\Users\kaspars\Documents\Thesis\! Equality of Cumulative Votes\qa3.tex"
Overfull \hbox (0.81587pt too wide) in paragraph at lines 67--67
[]|\T1/cmr/m/n/8 Questionnaire 
 []


Overfull \hbox (1.73648pt too wide) in paragraph at lines 67--67
[]|\T1/cmr/m/n/8 34|  
 []


Overfull \hbox (1.73648pt too wide) in paragraph at lines 67--67
[]|\T1/cmr/m/n/8 22|  
 []


Overfull \hbox (1.73648pt too wide) in paragraph at lines 67--67
[]|\T1/cmr/m/n/8 16|  
 []


Overfull \hbox (1.73648pt too wide) in paragraph at lines 67--67
[]|\T1/cmr/m/n/8 18|  
 []

) [57]
("C:\Users\kaspars\Documents\Thesis\! Equality of Cumulative Votes\qa4.tex"
Overfull \hbox (4.19402pt too wide) in paragraph at lines 65--65
[]|\T1/cmr/m/n/8 Questionnaire 
 []


Overfull \hbox (4.16783pt too wide) in paragraph at lines 65--65
[]|\T1/cmr/m/n/8 Questionnaires 
 []


Overfull \hbox (1.73648pt too wide) in paragraph at lines 65--65
[]|\T1/cmr/m/n/8 37|  
 []


Overfull \hbox (1.73648pt too wide) in paragraph at lines 65--65
[]|\T1/cmr/m/n/8 24|  
 []


Overfull \hbox (1.73648pt too wide) in paragraph at lines 65--65
[]|\T1/cmr/m/n/8 34|  
 []


Overfull \hbox (1.73648pt too wide) in paragraph at lines 65--65
[]|\T1/cmr/m/n/8 30|  
 []


Overfull \hbox (1.73648pt too wide) in paragraph at lines 65--65
[]|\T1/cmr/m/n/8 24|  
 []

) [58]
("C:\Users\kaspars\Documents\Thesis\! Equality of Cumulative Votes\qa5.tex"
Overfull \hbox (0.81587pt too wide) in paragraph at lines 62--62
[]|\T1/cmr/m/n/8 Questionnaire 
 []


Overfull \hbox (0.81587pt too wide) in paragraph at lines 62--62
[]|\T1/cmr/m/n/8 Questionnaire 
 []


Overfull \hbox (1.73648pt too wide) in paragraph at lines 62--62
[]|\T1/cmr/m/n/8 41|  
 []


Overfull \hbox (1.73648pt too wide) in paragraph at lines 62--62
[]|\T1/cmr/m/n/8 25|  
 []


Overfull \hbox (1.73648pt too wide) in paragraph at lines 62--62
[]|\T1/cmr/m/n/8 30|  
 []


Overfull \hbox (1.73648pt too wide) in paragraph at lines 62--62
[]|\T1/cmr/m/n/8 31|  
 []


Overfull \hbox (1.73648pt too wide) in paragraph at lines 62--62
[]|\T1/cmr/m/n/8 34|  
 []

) [59]
("C:\Users\kaspars\Documents\Thesis\! Equality of Cumulative Votes\qa6.tex"
Overfull \hbox (4.19402pt too wide) in paragraph at lines 66--66
[]|\T1/cmr/m/n/8 Questionnaire 
 []


Overfull \hbox (4.19402pt too wide) in paragraph at lines 66--66
[]|\T1/cmr/m/n/8 Questionnaire 
 []


Overfull \hbox (1.73648pt too wide) in paragraph at lines 66--66
[]|\T1/cmr/m/n/8 23|  
 []


Overfull \hbox (1.73648pt too wide) in paragraph at lines 66--66
[]|\T1/cmr/m/n/8 35|  
 []


Overfull \hbox (1.73648pt too wide) in paragraph at lines 66--66
[]|\T1/cmr/m/n/8 28|  
 []


Overfull \hbox (1.73648pt too wide) in paragraph at lines 66--66
[]|\T1/cmr/m/n/8 22|  
 []


Overfull \hbox (1.73648pt too wide) in paragraph at lines 66--66
[]|\T1/cmr/m/n/8 23|  
 []


Overfull \hbox (1.73648pt too wide) in paragraph at lines 66--66
[]|\T1/cmr/m/n/8 18|  
 []


Overfull \hbox (1.73648pt too wide) in paragraph at lines 66--66
[]|\T1/cmr/m/n/8 27|  
 []


Overfull \hbox (2.6548pt too wide) in paragraph at lines 66--67
[][] 
 []

) [60]
("C:\Users\kaspars\Documents\Thesis\! Equality of Cumulative Votes\qa7.tex"
Overfull \hbox (1.36157pt too wide) in paragraph at lines 61--61
[]|\T1/cmr/m/n/8 Unknown 
 []


Overfull \hbox (2.04335pt too wide) in paragraph at lines 61--61
[]|\T1/cmr/m/n/8 questionnaires 
 []


Overfull \hbox (1.73648pt too wide) in paragraph at lines 61--61
[]|\T1/cmr/m/n/8 31|  
 []


Overfull \hbox (1.73648pt too wide) in paragraph at lines 61--61
[]|\T1/cmr/m/n/8 22|  
 []


Overfull \hbox (1.73648pt too wide) in paragraph at lines 61--61
[]|\T1/cmr/m/n/8 34|  
 []


Overfull \hbox (1.73648pt too wide) in paragraph at lines 61--61
[]|\T1/cmr/m/n/8 36|  
 []

) [61]
("C:\Users\kaspars\Documents\Thesis\! Equality of Cumulative Votes\qa8.tex")
[62







]
("C:\Users\kaspars\Documents\Thesis\! Equality of Cumulative Votes\0main.bbl"
Underfull \hbox (badness 1112) in paragraph at lines 16--19
[]\T1/cmr/m/n/8 Aitchison J (1983) Prin-ci-pal com-po-nent anal-y-sis of com-po
-si-tional data. Biometrika
 []


Underfull \hbox (badness 10000) in paragraph at lines 76--79
[]\T1/cmr/m/n/8 Berander P, An-drews A (2005) Re-quire-ments Pri-or-i-ti-za-tio
n, Springer-Verlag,
 []


Underfull \hbox (badness 10000) in paragraph at lines 76--79
\T1/cmr/m/n/8 Berlin/Heidelberg, pp 69--94. DOI $10 . 1007 / 3-[]540-[]28244-[]
0$, URL $\T1/cmtt/m/n/8 http : / / www .$
 []


Underfull \vbox (badness 10000) has occurred while \output is active []

 [63

]
Underfull \vbox (badness 10000) has occurred while \output is active []

 [64]
Underfull \hbox (badness 1082) in paragraph at lines 269--274
\T1/cmr/m/n/8 ber), URL $\T1/cmtt/m/n/8 http : / / citeseerx . ist . psu . edu 
/ viewdoc / download ? doi = 10 . 1 . 1 . 107 . 8608 \$
 []


Underfull \hbox (badness 1062) in paragraph at lines 284--289
\T1/cmr/m/n/8 log-i-cal method-ol-ogy URL $\T1/cmtt/m/n/8 http : / / scholar . 
google . se / scholar ? hl = en \ &q = Bivariate +$
 []


Underfull \hbox (badness 10000) in paragraph at lines 284--289
$\T1/cmtt/m/n/8 Agreement + Coefficients + for + Reliability + of + Data \ &btn
G = Search \ &as \ _sdt = 0 ,[] 5 \ &as \$
 []


Underfull \hbox (badness 1097) in paragraph at lines 291--294
[]\T1/cmr/m/n/8 Krippendorff K (2004) Con-tent anal-y-sis: An in-tro-duc-tion t
o its method-ol-ogy URL
 []


Underfull \hbox (badness 10000) in paragraph at lines 291--294
$\T1/cmtt/m/n/8 http : / / scholar . google . se / scholar ? hl = en \ &q = Kri
ppendorff ,[] +K + 2004 \ &btnG = Search \$
 []


Underfull \vbox (badness 10000) has occurred while \output is active []

 [65]
Underfull \hbox (badness 2521) in paragraph at lines 378--382
[]\T1/cmr/m/n/8 Runeson P, Hst M (2008) Guide-lines for con-duct-ing and re-po
rt-ing case study
 []


Underfull \hbox (badness 2884) in paragraph at lines 378--382
\T1/cmr/m/n/8 re-search in soft-ware en-gi-neer-ing. Em-pir-i-cal Soft-ware En-
gi-neer-ing 14(2):131--164,
 []


Underfull \hbox (badness 4242) in paragraph at lines 384--387
[]\T1/cmr/m/n/8 Saaty T (1980) The an-a-lytic hi-er-ar-chy pro-cess. McGraw-Hil
l, New York URL
 []


Underfull \hbox (badness 10000) in paragraph at lines 384--387
$\T1/cmtt/m/n/8 http : / / scholar . google . se / scholar ? hl = en \ &q = ana
lytic + hierarchy + process + mcgraw +$
 []


Underfull \hbox (badness 10000) in paragraph at lines 426--431
$\T1/cmtt/m/n/8 lr = \&amp ; id = nG2UShV0wAEC \ &amp ; oi = fnd \ &amp ; pg = 
PR11 \ &amp ; dq = Experimentation +$
 []


Underfull \hbox (badness 10000) in paragraph at lines 426--431
$\T1/cmtt/m/n/8 in + software + engineering : +an + introduction \ &amp ; ots =
 9Gb9RW7j-[]l \ &amp ; sig =$
 []

) [66]
("C:\Users\kaspars\Documents\Thesis\! Equality of Cumulative Votes\0main.aux") 
) 
Here is how much of TeX's memory you used:
 4112 strings out of 495285
 58600 string characters out of 3180337
 200045 words of memory out of 3000000
 7130 multiletter control sequences out of 15000+200000
 14823 words of font info for 43 fonts, out of 3000000 for 9000
 14 hyphenation exceptions out of 8191
 27i,14n,26p,1123b,414s stack positions out of 5000i,500n,10000p,200000b,50000s
{C:/Program Files/MiKTeX 2.8/fonts/enc/dvips/cm-super/cm-super-t1.enc}<C:/Prog
ram Files/MiKTeX 2.8/fonts/type1/public/amsfonts/cm/cmex10.pfb><C:/Program File
s/MiKTeX 2.8/fonts/type1/public/amsfonts/cmextra/cmex7.pfb><C:/Program Files/Mi
KTeX 2.8/fonts/type1/public/amsfonts/cmextra/cmex8.pfb><C:/Program Files/MiKTeX
 2.8/fonts/type1/public/amsfonts/cm/cmmi10.pfb><C:/Program Files/MiKTeX 2.8/fon
ts/type1/public/amsfonts/cm/cmmi5.pfb><C:/Program Files/MiKTeX 2.8/fonts/type1/
public/amsfonts/cm/cmmi6.pfb><C:/Program Files/MiKTeX 2.8/fonts/type1/public/am
sfonts/cm/cmmi7.pfb><C:/Program Files/MiKTeX 2.8/fonts/type1/public/amsfonts/cm
/cmmi8.pfb><C:/Program Files/MiKTeX 2.8/fonts/type1/public/amsfonts/cm/cmr10.pf
b><C:/Program Files/MiKTeX 2.8/fonts/type1/public/amsfonts/cm/cmr5.pfb><C:/Prog
ram Files/MiKTeX 2.8/fonts/type1/public/amsfonts/cm/cmr6.pfb><C:/Program Files/
MiKTeX 2.8/fonts/type1/public/amsfonts/cm/cmr7.pfb><C:/Program Files/MiKTeX 2.8
/fonts/type1/public/amsfonts/cm/cmr8.pfb><C:/Program Files/MiKTeX 2.8/fonts/typ
e1/public/amsfonts/cm/cmsy10.pfb><C:/Program Files/MiKTeX 2.8/fonts/type1/publi
c/amsfonts/cm/cmsy5.pfb><C:/Program Files/MiKTeX 2.8/fonts/type1/public/amsfont
s/cm/cmsy6.pfb><C:/Program Files/MiKTeX 2.8/fonts/type1/public/amsfonts/cm/cmsy
7.pfb><C:/Program Files/MiKTeX 2.8/fonts/type1/public/amsfonts/cm/cmsy8.pfb><C:
/Program Files/MiKTeX 2.8/fonts/type1/public/cm-super/sfbx0800.pfb><C:/Program 
Files/MiKTeX 2.8/fonts/type1/public/cm-super/sfbx1000.pfb><C:/Program Files/MiK
TeX 2.8/fonts/type1/public/cm-super/sfbx1200.pfb><C:/Program Files/MiKTeX 2.8/f
onts/type1/public/cm-super/sfrm0500.pfb><C:/Program Files/MiKTeX 2.8/fonts/type
1/public/cm-super/sfrm0800.pfb><C:/Program Files/MiKTeX 2.8/fonts/type1/public/
cm-super/sfrm1000.pfb><C:/Program Files/MiKTeX 2.8/fonts/type1/public/cm-super/
sfti1000.pfb><C:/Program Files/MiKTeX 2.8/fonts/type1/public/cm-super/sftt0800.
pfb>
Output written on 0main.pdf (66 pages, 1186187 bytes).
PDF statistics:
 432 PDF objects out of 1000 (max. 8388607)
 0 named destinations out of 1000 (max. 500000)
 63 words of extra memory for PDF output out of 10000 (max. 10000000)

